<?xml version="1.0" encoding="UTF-8"?>
<robot generator="Robot 5.0.1 (Python 3.8.10 on linux)" generated="20221115 16:02:09.788" rpa="false" schemaversion="3">
<suite id="s1" name="Homepage" source="/home/esther/Documents/DRC/QA_Testing/Automation_Testing/homePage/homepage.robot">
<test id="s1-t1" name="Open &amp; Verify Kaching.one" line="42">
<kw name="Open Browser" library="SeleniumLibrary">
<arg>https://stocgeex.xyz</arg>
<arg>chrome</arg>
<doc>Opens a new browser instance to the optional ``url``.</doc>
<msg timestamp="20221115 16:02:09.920" level="INFO">Opening browser 'chrome' to base url 'https://stocgeex.xyz'.</msg>
<status status="PASS" starttime="20221115 16:02:09.920" endtime="20221115 16:02:11.657"/>
</kw>
<kw name="Maximize Browser Window" library="SeleniumLibrary">
<doc>Maximizes current browser window.</doc>
<status status="PASS" starttime="20221115 16:02:11.658" endtime="20221115 16:02:11.770"/>
</kw>
<kw name="Click Element" library="SeleniumLibrary">
<arg>${letsStartButton}</arg>
<doc>Click the element identified by ``locator``.</doc>
<msg timestamp="20221115 16:02:11.772" level="INFO">Clicking element '//*[@class="MuiButton-label" and contains(text(),"Let's Start!")]'.</msg>
<status status="PASS" starttime="20221115 16:02:11.771" endtime="20221115 16:02:11.928"/>
</kw>
<kw name="Reload Page" library="SeleniumLibrary">
<doc>Simulates user reloading page.</doc>
<status status="PASS" starttime="20221115 16:02:11.928" endtime="20221115 16:02:12.167"/>
</kw>
<kw name="Page Should Contain Element" library="SeleniumLibrary">
<arg>${startButton}</arg>
<doc>Verifies that element ``locator`` is found on the current page.</doc>
<msg timestamp="20221115 16:02:12.210" level="INFO">Current page contains element '//*[@class="MuiButton-label" and contains(text(),"Get Started!")]'.</msg>
<status status="PASS" starttime="20221115 16:02:12.168" endtime="20221115 16:02:12.210"/>
</kw>
<status status="PASS" starttime="20221115 16:02:09.919" endtime="20221115 16:02:12.211"/>
</test>
<test id="s1-t2" name="Popular Coins" line="156">
<kw name="Set Focus To Element" library="SeleniumLibrary">
<arg>//*[@class="jss63"]//*[@class="MuiTypography-root MuiTypography-h6" and text()="Dogecoin"]</arg>
<doc>Sets the focus to the element identified by ``locator``.</doc>
<msg timestamp="20221115 16:02:12.451" level="INFO" html="true">&lt;/td&gt;&lt;/tr&gt;&lt;tr&gt;&lt;td colspan="3"&gt;&lt;a href="selenium-screenshot-31.png"&gt;&lt;img src="selenium-screenshot-31.png" width="800px"&gt;&lt;/a&gt;</msg>
<msg timestamp="20221115 16:02:12.452" level="FAIL">Element with locator '//*[@class="jss63"]//*[@class="MuiTypography-root MuiTypography-h6" and text()="Dogecoin"]' not found.</msg>
<status status="FAIL" starttime="20221115 16:02:12.213" endtime="20221115 16:02:12.453"/>
</kw>
<kw name="Click Element" library="SeleniumLibrary">
<arg>//*[@class="jss63"]//*[@class="MuiTypography-root MuiTypography-h6" and text()="Dogecoin"]</arg>
<doc>Click the element identified by ``locator``.</doc>
<status status="NOT RUN" starttime="20221115 16:02:12.453" endtime="20221115 16:02:12.453"/>
</kw>
<status status="FAIL" starttime="20221115 16:02:12.212" endtime="20221115 16:02:12.454">Element with locator '//*[@class="jss63"]//*[@class="MuiTypography-root MuiTypography-h6" and text()="Dogecoin"]' not found.</status>
</test>
<test id="s1-t3" name="Close" line="160">
<kw name="Close Browser" library="SeleniumLibrary">
<doc>Closes the current browser.</doc>
<status status="PASS" starttime="20221115 16:02:12.456" endtime="20221115 16:02:12.521"/>
</kw>
<status status="PASS" starttime="20221115 16:02:12.455" endtime="20221115 16:02:12.522"/>
</test>
<doc>DRCtestcases</doc>
<status status="FAIL" starttime="20221115 16:02:09.789" endtime="20221115 16:02:12.524"/>
</suite>
<statistics>
<total>
<stat pass="2" fail="1" skip="0">All Tests</stat>
</total>
<tag>
</tag>
<suite>
<stat pass="2" fail="1" skip="0" id="s1" name="Homepage">Homepage</stat>
</suite>
</statistics>
<errors>
</errors>
</robot>
