<?xml version="1.0" encoding="UTF-8"?>
<robot generator="Robot 5.0.1 (Python 3.8.10 on linux)" generated="20221121 16:17:37.766" rpa="false" schemaversion="3">
<suite id="s1" name="Welcomepage" source="/home/esther/Documents/DRC/QA_Testing/Automation_Testing/welcomePage/welcomepage.robot">
<test id="s1-t1" name="Open &amp; Verify Kaching.one" line="10">
<kw name="Open Browser" library="SeleniumLibrary">
<arg>https://stocgeex.xyz</arg>
<arg>chrome</arg>
<doc>Opens a new browser instance to the optional ``url``.</doc>
<msg timestamp="20221121 16:17:37.953" level="INFO">Opening browser 'chrome' to base url 'https://stocgeex.xyz'.</msg>
<status status="PASS" starttime="20221121 16:17:37.953" endtime="20221121 16:17:40.456"/>
</kw>
<kw name="Maximize Browser Window" library="SeleniumLibrary">
<doc>Maximizes current browser window.</doc>
<status status="PASS" starttime="20221121 16:17:40.457" endtime="20221121 16:17:40.566"/>
</kw>
<status status="PASS" starttime="20221121 16:17:37.952" endtime="20221121 16:17:40.567"/>
</test>
<test id="s1-t2" name="Refresh Welcome Page" line="14">
<kw name="Reload Page" library="SeleniumLibrary">
<doc>Simulates user reloading page.</doc>
<status status="PASS" starttime="20221121 16:17:40.573" endtime="20221121 16:17:41.420"/>
</kw>
<kw name="Wait Until Page Contains Element" library="SeleniumLibrary">
<arg>//*[@class="MuiTypography-root MuiTypography-h2" and text()="Hello Player 1!"]</arg>
<doc>Waits until the element ``locator`` appears on the current page.</doc>
<status status="PASS" starttime="20221121 16:17:41.420" endtime="20221121 16:17:43.519"/>
</kw>
<kw name="Page Should Contain Element" library="SeleniumLibrary">
<arg>//*[@class="MuiTypography-root MuiTypography-h2" and text()="Hello Player 1!"]</arg>
<doc>Verifies that element ``locator`` is found on the current page.</doc>
<msg timestamp="20221121 16:17:43.527" level="INFO">Current page contains element '//*[@class="MuiTypography-root MuiTypography-h2" and text()="Hello Player 1!"]'.</msg>
<status status="PASS" starttime="20221121 16:17:43.519" endtime="20221121 16:17:43.527"/>
</kw>
<status status="PASS" starttime="20221121 16:17:40.570" endtime="20221121 16:17:43.527"/>
</test>
<test id="s1-t3" name="Navigate to Home Page" line="19">
<kw name="Click Element" library="SeleniumLibrary">
<arg>${letsStartButton}</arg>
<doc>Click the element identified by ``locator``.</doc>
<msg timestamp="20221121 16:17:43.529" level="INFO">Clicking element '//*[@class="MuiButton-label" and contains(text(),"Let's Start!")]'.</msg>
<status status="PASS" starttime="20221121 16:17:43.529" endtime="20221121 16:17:43.682"/>
</kw>
<status status="PASS" starttime="20221121 16:17:43.528" endtime="20221121 16:17:43.682"/>
</test>
<doc>DRCTestCases</doc>
<status status="PASS" starttime="20221121 16:17:37.767" endtime="20221121 16:17:43.683"/>
</suite>
<statistics>
<total>
<stat pass="3" fail="0" skip="0">All Tests</stat>
</total>
<tag>
</tag>
<suite>
<stat pass="3" fail="0" skip="0" id="s1" name="Welcomepage">Welcomepage</stat>
</suite>
</statistics>
<errors>
</errors>
</robot>
