<?xml version="1.0" encoding="UTF-8"?>
<robot generator="Robot 5.0.1 (Python 3.8.10 on linux)" generated="20221122 17:22:30.285" rpa="false" schemaversion="3">
<suite id="s1" name="Portfoliopage" source="/home/esther/Documents/DRC/QA_Testing/Automation_Testing/portfolioPage/portfoliopage.robot">
<test id="s1-t1" name="Open &amp; Verify Kaching.one" line="40">
<kw name="Open Browser" library="SeleniumLibrary">
<arg>https://stocgeex.xyz</arg>
<arg>chrome</arg>
<doc>Opens a new browser instance to the optional ``url``.</doc>
<msg timestamp="20221122 17:22:30.406" level="INFO">Opening browser 'chrome' to base url 'https://stocgeex.xyz'.</msg>
<status status="PASS" starttime="20221122 17:22:30.406" endtime="20221122 17:22:33.007"/>
</kw>
<kw name="Maximize Browser Window" library="SeleniumLibrary">
<doc>Maximizes current browser window.</doc>
<status status="PASS" starttime="20221122 17:22:33.008" endtime="20221122 17:22:33.111"/>
</kw>
<kw name="Wait Until Page Contains Element" library="SeleniumLibrary">
<arg>//*[@class="MuiTypography-root MuiTypography-h2" and text()="Hello Investor!"]</arg>
<arg>10</arg>
<doc>Waits until the element ``locator`` appears on the current page.</doc>
<status status="PASS" starttime="20221122 17:22:33.111" endtime="20221122 17:22:34.368"/>
</kw>
<kw name="Click Element" library="SeleniumLibrary">
<arg>${letsStartButton}</arg>
<doc>Click the element identified by ``locator``.</doc>
<msg timestamp="20221122 17:22:34.369" level="INFO">Clicking element '//*[@class="MuiButton-label" and contains(text(),"Let's Start!")]'.</msg>
<status status="PASS" starttime="20221122 17:22:34.369" endtime="20221122 17:22:34.522"/>
</kw>
<status status="PASS" starttime="20221122 17:22:30.405" endtime="20221122 17:22:34.523"/>
</test>
<test id="s1-t2" name="Run Keyword" line="46">
<kw name="Login to kaching.one">
<kw name="Click Button" library="SeleniumLibrary">
<arg>${loginHeaderButton}</arg>
<doc>Clicks the button identified by ``locator``.</doc>
<msg timestamp="20221122 17:22:34.525" level="INFO">Clicking button '//*[@class="MuiButtonBase-root MuiButton-root MuiButton-contained MuiButton-containedPrimary MuiButton-sizeMedium MuiButton-containedSizeMedium MuiButton-root MuiButton-contained MuiButton-containedPrimary MuiButton-sizeMedium MuiButton-containedSizeMedium css-1hw9j7s" and contains(text(),"Login")]'.</msg>
<status status="PASS" starttime="20221122 17:22:34.525" endtime="20221122 17:22:34.676"/>
</kw>
<kw name="Click Element" library="SeleniumLibrary">
<arg>${emailLoginTextfield}</arg>
<doc>Click the element identified by ``locator``.</doc>
<msg timestamp="20221122 17:22:34.677" level="INFO">Clicking element '//*[@type="email"]'.</msg>
<status status="PASS" starttime="20221122 17:22:34.677" endtime="20221122 17:22:35.213"/>
</kw>
<kw name="Input Text" library="SeleniumLibrary">
<arg>${emailLoginTextfield}</arg>
<arg>Testing_123@gmail.com</arg>
<doc>Types the given ``text`` into the text field identified by ``locator``.</doc>
<msg timestamp="20221122 17:22:35.214" level="INFO">Typing text 'Testing_123@gmail.com' into text field '//*[@type="email"]'.</msg>
<status status="PASS" starttime="20221122 17:22:35.214" endtime="20221122 17:22:35.892"/>
</kw>
<kw name="Click Element" library="SeleniumLibrary">
<arg>${passwordLoginTextfield}</arg>
<doc>Click the element identified by ``locator``.</doc>
<msg timestamp="20221122 17:22:35.892" level="INFO">Clicking element '//*[@type="password"]'.</msg>
<status status="PASS" starttime="20221122 17:22:35.892" endtime="20221122 17:22:36.373"/>
</kw>
<kw name="Input Text" library="SeleniumLibrary">
<arg>${passwordLoginTextfield}</arg>
<arg>testing@123</arg>
<doc>Types the given ``text`` into the text field identified by ``locator``.</doc>
<msg timestamp="20221122 17:22:36.374" level="INFO">Typing text 'testing@123' into text field '//*[@type="password"]'.</msg>
<status status="PASS" starttime="20221122 17:22:36.374" endtime="20221122 17:22:36.655"/>
</kw>
<kw name="Wait Until Element Is Enabled" library="SeleniumLibrary">
<arg>${loginButton}</arg>
<arg>10</arg>
<doc>Waits until the element ``locator`` is enabled.</doc>
<status status="PASS" starttime="20221122 17:22:36.655" endtime="20221122 17:22:36.740"/>
</kw>
<kw name="Click Element" library="SeleniumLibrary">
<arg>${loginButton}</arg>
<doc>Click the element identified by ``locator``.</doc>
<msg timestamp="20221122 17:22:36.740" level="INFO">Clicking element '//*[@class="MuiButton-label" and text()="Login"]'.</msg>
<status status="PASS" starttime="20221122 17:22:36.740" endtime="20221122 17:22:36.865"/>
</kw>
<kw name="Wait Until Page Contains Element" library="SeleniumLibrary">
<arg>${loginSuccess}</arg>
<arg>10</arg>
<doc>Waits until the element ``locator`` appears on the current page.</doc>
<status status="PASS" starttime="20221122 17:22:36.865" endtime="20221122 17:22:38.282"/>
</kw>
<kw name="Page Should Contain Element" library="SeleniumLibrary">
<arg>${loginSuccess}</arg>
<doc>Verifies that element ``locator`` is found on the current page.</doc>
<msg timestamp="20221122 17:22:38.291" level="INFO">Current page contains element '//*[@class="MuiAlert-message"]'.</msg>
<status status="PASS" starttime="20221122 17:22:38.282" endtime="20221122 17:22:38.291"/>
</kw>
<status status="PASS" starttime="20221122 17:22:34.524" endtime="20221122 17:22:38.291"/>
</kw>
<status status="PASS" starttime="20221122 17:22:34.523" endtime="20221122 17:22:38.291"/>
</test>
<test id="s1-t3" name="Navigate to Portfolio Page" line="49">
<kw name="Click Element" library="SeleniumLibrary">
<arg>//*[@class="MuiToolbar-root MuiToolbar-regular MuiToolbar-gutters"]//*[text()="Portfolio"]</arg>
<doc>Click the element identified by ``locator``.</doc>
<msg timestamp="20221122 17:22:38.294" level="INFO">Clicking element '//*[@class="MuiToolbar-root MuiToolbar-regular MuiToolbar-gutters"]//*[text()="Portfolio"]'.</msg>
<status status="PASS" starttime="20221122 17:22:38.293" endtime="20221122 17:22:38.386"/>
</kw>
<kw name="Wait Until Page Contains Element" library="SeleniumLibrary">
<arg>//canvas[@role="img"]</arg>
<arg>30</arg>
<doc>Waits until the element ``locator`` appears on the current page.</doc>
<status status="PASS" starttime="20221122 17:22:38.387" endtime="20221122 17:22:41.844"/>
</kw>
<kw name="Page Should Contain Element" library="SeleniumLibrary">
<arg>//*[@class="MuiTypography-root MuiTypography-h3" and text()="Portfolio"]</arg>
<doc>Verifies that element ``locator`` is found on the current page.</doc>
<msg timestamp="20221122 17:22:41.859" level="INFO">Current page contains element '//*[@class="MuiTypography-root MuiTypography-h3" and text()="Portfolio"]'.</msg>
<status status="PASS" starttime="20221122 17:22:41.844" endtime="20221122 17:22:41.859"/>
</kw>
<status status="PASS" starttime="20221122 17:22:38.292" endtime="20221122 17:22:41.860"/>
</test>
<test id="s1-t4" name="Refresh Portfolio Page" line="54">
<kw name="Reload Page" library="SeleniumLibrary">
<doc>Simulates user reloading page.</doc>
<status status="PASS" starttime="20221122 17:22:41.862" endtime="20221122 17:22:42.783"/>
</kw>
<kw name="Wait Until Page Contains Element" library="SeleniumLibrary">
<arg>//canvas[@role="img"]</arg>
<arg>10</arg>
<doc>Waits until the element ``locator`` appears on the current page.</doc>
<status status="PASS" starttime="20221122 17:22:42.784" endtime="20221122 17:22:45.064"/>
</kw>
<kw name="Page Should Contain Element" library="SeleniumLibrary">
<arg>//*[@class="MuiTypography-root MuiTypography-h3" and text()="Portfolio"]</arg>
<doc>Verifies that element ``locator`` is found on the current page.</doc>
<msg timestamp="20221122 17:22:45.296" level="INFO">Current page contains element '//*[@class="MuiTypography-root MuiTypography-h3" and text()="Portfolio"]'.</msg>
<status status="PASS" starttime="20221122 17:22:45.065" endtime="20221122 17:22:45.297"/>
</kw>
<status status="PASS" starttime="20221122 17:22:41.861" endtime="20221122 17:22:45.297"/>
</test>
<test id="s1-t5" name="Scrollable Portfolio Page" line="59">
<kw name="Execute Javascript" library="SeleniumLibrary">
<arg>window.scrollTo(0,document.body.scrollHeight)</arg>
<doc>Executes the given JavaScript code with possible arguments.</doc>
<msg timestamp="20221122 17:22:45.300" level="INFO">Executing JavaScript:
window.scrollTo(0,document.body.scrollHeight)
Without any arguments.</msg>
<status status="PASS" starttime="20221122 17:22:45.299" endtime="20221122 17:22:45.351"/>
</kw>
<kw name="Execute Javascript" library="SeleniumLibrary">
<arg>window.scrollTo(0,-document.body.scrollHeight)</arg>
<doc>Executes the given JavaScript code with possible arguments.</doc>
<msg timestamp="20221122 17:22:45.353" level="INFO">Executing JavaScript:
window.scrollTo(0,-document.body.scrollHeight)
Without any arguments.</msg>
<status status="PASS" starttime="20221122 17:22:45.352" endtime="20221122 17:22:45.408"/>
</kw>
<status status="PASS" starttime="20221122 17:22:45.298" endtime="20221122 17:22:45.408"/>
</test>
<doc>DRCTestCases</doc>
<status status="PASS" starttime="20221122 17:22:30.286" endtime="20221122 17:22:45.409"/>
</suite>
<statistics>
<total>
<stat pass="5" fail="0" skip="0">All Tests</stat>
</total>
<tag>
</tag>
<suite>
<stat pass="5" fail="0" skip="0" id="s1" name="Portfoliopage">Portfoliopage</stat>
</suite>
</statistics>
<errors>
</errors>
</robot>
