<?xml version="1.0" encoding="UTF-8"?>
<robot generator="Robot 5.0.1 (Python 3.8.10 on linux)" generated="20221125 12:22:10.971" rpa="false" schemaversion="3">
<suite id="s1" name="Coindetailspage" source="/home/esther/Documents/DRC/QA_Testing/Automation_Testing/coinDetailsPage/coindetailspage.robot">
<test id="s1-t1" name="Open &amp; Verify Kaching.one" line="33">
<kw name="Open Browser" library="SeleniumLibrary">
<arg>https://stocgeex.xyz</arg>
<arg>chrome</arg>
<doc>Opens a new browser instance to the optional ``url``.</doc>
<msg timestamp="20221125 12:22:11.239" level="INFO">Opening browser 'chrome' to base url 'https://stocgeex.xyz'.</msg>
<status status="PASS" starttime="20221125 12:22:11.238" endtime="20221125 12:22:13.991"/>
</kw>
<kw name="Maximize Browser Window" library="SeleniumLibrary">
<doc>Maximizes current browser window.</doc>
<status status="PASS" starttime="20221125 12:22:13.991" endtime="20221125 12:22:14.097"/>
</kw>
<kw name="Wait Until Page Contains Element" library="SeleniumLibrary">
<arg>//*[@class="MuiTypography-root MuiTypography-h2" and text()="Hello Investor!"]</arg>
<arg>10</arg>
<doc>Waits until the element ``locator`` appears on the current page.</doc>
<status status="PASS" starttime="20221125 12:22:14.098" endtime="20221125 12:22:17.866"/>
</kw>
<kw name="Click Element" library="SeleniumLibrary">
<arg>${letsStartButton}</arg>
<doc>Click the element identified by ``locator``.</doc>
<msg timestamp="20221125 12:22:17.867" level="INFO">Clicking element '//*[@class="MuiButton-label" and contains(text(),"Let's Start!")]'.</msg>
<status status="PASS" starttime="20221125 12:22:17.867" endtime="20221125 12:22:18.065"/>
</kw>
<status status="PASS" starttime="20221125 12:22:11.237" endtime="20221125 12:22:18.066"/>
</test>
<test id="s1-t2" name="Navigate to Coin Details Page (Ethereum)" line="39">
<kw name="Execute Javascript" library="SeleniumLibrary">
<arg>window.scrollTo(0,370)</arg>
<doc>Executes the given JavaScript code with possible arguments.</doc>
<msg timestamp="20221125 12:22:18.069" level="INFO">Executing JavaScript:
window.scrollTo(0,370)
Without any arguments.</msg>
<status status="PASS" starttime="20221125 12:22:18.068" endtime="20221125 12:22:18.098"/>
</kw>
<kw name="Wait Until Element Is Visible" library="SeleniumLibrary">
<arg>${ethereumCoin}</arg>
<arg>10</arg>
<doc>Waits until the element ``locator`` is visible.</doc>
<status status="PASS" starttime="20221125 12:22:18.098" endtime="20221125 12:22:19.306"/>
</kw>
<kw name="Click Element" library="SeleniumLibrary">
<arg>${ethereumCoin}</arg>
<doc>Click the element identified by ``locator``.</doc>
<msg timestamp="20221125 12:22:19.307" level="INFO">Clicking element '//h6[@class="MuiTypography-root MuiTypography-h6" and text()="Ethereum"]'.</msg>
<status status="PASS" starttime="20221125 12:22:19.307" endtime="20221125 12:22:20.605"/>
</kw>
<kw name="Wait Until Page Contains Element" library="SeleniumLibrary">
<arg>${chart}</arg>
<arg>10</arg>
<doc>Waits until the element ``locator`` appears on the current page.</doc>
<status status="PASS" starttime="20221125 12:22:20.605" endtime="20221125 12:22:21.213"/>
</kw>
<kw name="Page Should Contain Element" library="SeleniumLibrary">
<arg>${ethereumPage}</arg>
<doc>Verifies that element ``locator`` is found on the current page.</doc>
<msg timestamp="20221125 12:22:21.261" level="INFO">Current page contains element '//*[@class="MuiTypography-root MuiTypography-h4" and text()="Ethereum"]'.</msg>
<status status="PASS" starttime="20221125 12:22:21.215" endtime="20221125 12:22:21.261"/>
</kw>
<status status="PASS" starttime="20221125 12:22:18.067" endtime="20221125 12:22:21.262"/>
</test>
<test id="s1-t3" name="Scrollable Coin Details Page" line="46">
<kw name="Execute Javascript" library="SeleniumLibrary">
<arg>window.scrollTo(0,document.body.scrollHeight)</arg>
<doc>Executes the given JavaScript code with possible arguments.</doc>
<msg timestamp="20221125 12:22:21.265" level="INFO">Executing JavaScript:
window.scrollTo(0,document.body.scrollHeight)
Without any arguments.</msg>
<status status="PASS" starttime="20221125 12:22:21.264" endtime="20221125 12:22:21.296"/>
</kw>
<status status="PASS" starttime="20221125 12:22:21.263" endtime="20221125 12:22:21.296"/>
</test>
<test id="s1-t4" name="Refresh Coin Details Page" line="49">
<kw name="Reload Page" library="SeleniumLibrary">
<doc>Simulates user reloading page.</doc>
<status status="PASS" starttime="20221125 12:22:21.299" endtime="20221125 12:22:22.594"/>
</kw>
<kw name="Wait Until Page Contains Element" library="SeleniumLibrary">
<arg>${ethereumPage}</arg>
<doc>Waits until the element ``locator`` appears on the current page.</doc>
<status status="PASS" starttime="20221125 12:22:22.594" endtime="20221125 12:22:22.810"/>
</kw>
<kw name="Page Should Contain Element" library="SeleniumLibrary">
<arg>${ethereumPage}</arg>
<doc>Verifies that element ``locator`` is found on the current page.</doc>
<msg timestamp="20221125 12:22:22.989" level="INFO">Current page contains element '//*[@class="MuiTypography-root MuiTypography-h4" and text()="Ethereum"]'.</msg>
<status status="PASS" starttime="20221125 12:22:22.811" endtime="20221125 12:22:22.990"/>
</kw>
<status status="PASS" starttime="20221125 12:22:21.297" endtime="20221125 12:22:22.991"/>
</test>
<test id="s1-t5" name="Crypto Converter" line="96">
<kw name="Click Element" library="SeleniumLibrary">
<arg>//*[@class="MuiInputBase-input MuiOutlinedInput-input"]//ancestor::div[label="insert crypto amount"]</arg>
<doc>Click the element identified by ``locator``.</doc>
<msg timestamp="20221125 12:22:22.995" level="INFO">Clicking element '//*[@class="MuiInputBase-input MuiOutlinedInput-input"]//ancestor::div[label="insert crypto amount"]'.</msg>
<status status="PASS" starttime="20221125 12:22:22.995" endtime="20221125 12:22:23.118"/>
</kw>
<kw name="Press Keys" library="SeleniumLibrary">
<arg>//*[@class="MuiInputBase-input MuiOutlinedInput-input"]//ancestor::div[label="insert crypto amount"]</arg>
<arg>500</arg>
<doc>Simulates the user pressing key(s) to an element or on the active browser.</doc>
<msg timestamp="20221125 12:22:23.119" level="INFO">Sending key(s) ('500',) to //*[@class="MuiInputBase-input MuiOutlinedInput-input"]//ancestor::div[label="insert crypto amount"] element.</msg>
<msg timestamp="20221125 12:22:23.731" level="INFO">Sending keys 500</msg>
<status status="PASS" starttime="20221125 12:22:23.118" endtime="20221125 12:22:23.795"/>
</kw>
<kw name="Execute Javascript" library="SeleniumLibrary">
<var>${currencyAmount}</var>
<arg>return (function(){parseFloat(Array.prototype.map.call(document.querySelectorAll("[class='MuiTypography-root MuiTypography-h4']"),(z=&gt;z.innerText.match(/\$([0-9,]+(\.[0-9]+))/))).filter(z=&gt;z)[0]?.[1].replaceAll(',','')??'NaN')})()</arg>
<doc>Executes the given JavaScript code with possible arguments.</doc>
<msg timestamp="20221125 12:22:23.796" level="INFO">Executing JavaScript:
return (function(){parseFloat(Array.prototype.map.call(document.querySelectorAll("[class='MuiTypography-root MuiTypography-h4']"),(z=&gt;z.innerText.match(/$([0-9,]+(.[0-9]+))/))).filter(z=&gt;z)[0]?.[1].replaceAll(',','')??'NaN')})()
Without any arguments.</msg>
<msg timestamp="20221125 12:22:23.820" level="INFO">${currencyAmount} = None</msg>
<status status="PASS" starttime="20221125 12:22:23.796" endtime="20221125 12:22:23.820"/>
</kw>
<kw name="Should Be Equal" library="BuiltIn">
<arg>${currencyAmount}</arg>
<arg>0</arg>
<doc>Fails if the given objects are unequal.</doc>
<msg timestamp="20221125 12:22:23.821" level="INFO">Argument types are:
&lt;class 'NoneType'&gt;
&lt;class 'str'&gt;</msg>
<msg timestamp="20221125 12:22:23.822" level="FAIL">None != 0</msg>
<status status="FAIL" starttime="20221125 12:22:23.821" endtime="20221125 12:22:23.823"/>
</kw>
<doc>To check the conversion from Crypto Amount to Currency Amount and vice versa</doc>
<status status="FAIL" starttime="20221125 12:22:22.993" endtime="20221125 12:22:23.824">None != 0</status>
</test>
<doc>DRCtestcases</doc>
<status status="FAIL" starttime="20221125 12:22:10.973" endtime="20221125 12:22:23.831"/>
</suite>
<statistics>
<total>
<stat pass="4" fail="1" skip="0">All Tests</stat>
</total>
<tag>
</tag>
<suite>
<stat pass="4" fail="1" skip="0" id="s1" name="Coindetailspage">Coindetailspage</stat>
</suite>
</statistics>
<errors>
</errors>
</robot>
